#! /usr/bin/vvp
:ivl_version "11.0 (stable)";
:ivl_delay_selection "TYPICAL";
:vpi_time_precision + 0;
:vpi_module "/usr/lib/x86_64-linux-gnu/ivl/system.vpi";
:vpi_module "/usr/lib/x86_64-linux-gnu/ivl/vhdl_sys.vpi";
:vpi_module "/usr/lib/x86_64-linux-gnu/ivl/vhdl_textio.vpi";
:vpi_module "/usr/lib/x86_64-linux-gnu/ivl/v2005_math.vpi";
:vpi_module "/usr/lib/x86_64-linux-gnu/ivl/va_math.vpi";
:vpi_module "/usr/lib/x86_64-linux-gnu/ivl/v2009.vpi";
S_0x5555cf1e8cf0 .scope package, "$unit" "$unit" 2 1;
 .timescale 0 0;
S_0x5555cf1e8e80 .scope module, "mux_4x_1" "mux_4x_1" 3 1;
 .timescale 0 0;
    .port_info 0 /INPUT 212 "i_data";
    .port_info 1 /INPUT 4 "i_sel";
    .port_info 2 /OUTPUT 32 "o_y";
P_0x5555cf1e9010 .param/l "DIRTY_BITS" 0 3 7, +C4<00000000000000000000000000000001>;
P_0x5555cf1e9050 .param/l "LINE_SIZE_BYTES" 0 3 4, +C4<00000000000000000000000000000100>;
P_0x5555cf1e9090 .param/l "LRU_BITS" 0 3 5, +C4<00000000000000000000000000000001>;
P_0x5555cf1e90d0 .param/l "TAG_BITS" 0 3 8, +C4<00000000000000000000000000010010>;
P_0x5555cf1e9110 .param/l "VALID_BITS" 0 3 6, +C4<00000000000000000000000000000001>;
P_0x5555cf1e9150 .param/l "WAYS" 0 3 3, +C4<00000000000000000000000000000100>;
L_0x5555cf235720 .functor BUFZ 32, v0x5555cf1e9390_0, C4<00000000000000000000000000000000>, C4<00000000000000000000000000000000>, C4<00000000000000000000000000000000>;
o0x7f6a22879018 .functor BUFZ 53, C4<zzzzzzzzzzzzzzzzzzzzzzzzzzzzzzzzzzzzzzzzzzzzzzzzzzzzz>; HiZ drive
v0x5555cf1fcd60 .array "i_data", 3 0;
v0x5555cf1fcd60_0 .net v0x5555cf1fcd60 0, 52 0, o0x7f6a22879018; 0 drivers
o0x7f6a22879048 .functor BUFZ 53, C4<zzzzzzzzzzzzzzzzzzzzzzzzzzzzzzzzzzzzzzzzzzzzzzzzzzzzz>; HiZ drive
v0x5555cf1fcd60_1 .net v0x5555cf1fcd60 1, 52 0, o0x7f6a22879048; 0 drivers
o0x7f6a22879078 .functor BUFZ 53, C4<zzzzzzzzzzzzzzzzzzzzzzzzzzzzzzzzzzzzzzzzzzzzzzzzzzzzz>; HiZ drive
v0x5555cf1fcd60_2 .net v0x5555cf1fcd60 2, 52 0, o0x7f6a22879078; 0 drivers
o0x7f6a228790a8 .functor BUFZ 53, C4<zzzzzzzzzzzzzzzzzzzzzzzzzzzzzzzzzzzzzzzzzzzzzzzzzzzzz>; HiZ drive
v0x5555cf1fcd60_3 .net v0x5555cf1fcd60 3, 52 0, o0x7f6a228790a8; 0 drivers
o0x7f6a228790d8 .functor BUFZ 4, C4<zzzz>; HiZ drive
v0x5555cf1e9510_0 .net "i_sel", 3 0, o0x7f6a228790d8;  0 drivers
v0x5555cf1e97f0_0 .net "o_y", 31 0, L_0x5555cf235720;  1 drivers
v0x5555cf1e9390_0 .var "r_y", 31 0;
E_0x5555cf20f920/0 .event edge, v0x5555cf1e9510_0, v0x5555cf1fcd60_0, v0x5555cf1fcd60_1, v0x5555cf1fcd60_2;
E_0x5555cf20f920/1 .event edge, v0x5555cf1fcd60_3;
E_0x5555cf20f920 .event/or E_0x5555cf20f920/0, E_0x5555cf20f920/1;
    .scope S_0x5555cf1e8e80;
T_0 ;
    %wait E_0x5555cf20f920;
    %load/vec4 v0x5555cf1e9510_0;
    %dup/vec4;
    %pushi/vec4 1, 0, 4;
    %cmp/u;
    %jmp/1 T_0.0, 6;
    %dup/vec4;
    %pushi/vec4 2, 0, 4;
    %cmp/u;
    %jmp/1 T_0.1, 6;
    %dup/vec4;
    %pushi/vec4 4, 0, 4;
    %cmp/u;
    %jmp/1 T_0.2, 6;
    %dup/vec4;
    %pushi/vec4 8, 0, 4;
    %cmp/u;
    %jmp/1 T_0.3, 6;
    %jmp T_0.4;
T_0.0 ;
    %ix/load 4, 0, 0;
    %flag_set/imm 4, 0;
    %load/vec4a v0x5555cf1fcd60, 4;
    %parti/s 32, 0, 2;
    %assign/vec4 v0x5555cf1e9390_0, 0;
    %jmp T_0.4;
T_0.1 ;
    %ix/load 4, 1, 0;
    %flag_set/imm 4, 0;
    %load/vec4a v0x5555cf1fcd60, 4;
    %parti/s 32, 0, 2;
    %assign/vec4 v0x5555cf1e9390_0, 0;
    %jmp T_0.4;
T_0.2 ;
    %ix/load 4, 2, 0;
    %flag_set/imm 4, 0;
    %load/vec4a v0x5555cf1fcd60, 4;
    %parti/s 32, 0, 2;
    %assign/vec4 v0x5555cf1e9390_0, 0;
    %jmp T_0.4;
T_0.3 ;
    %ix/load 4, 3, 0;
    %flag_set/imm 4, 0;
    %load/vec4a v0x5555cf1fcd60, 4;
    %parti/s 32, 0, 2;
    %assign/vec4 v0x5555cf1e9390_0, 0;
    %jmp T_0.4;
T_0.4 ;
    %pop/vec4 1;
    %jmp T_0;
    .thread T_0, $push;
# The file index is used to find the file name in the following table.
:file_names 4;
    "N/A";
    "<interactive>";
    "-";
    "mux_4x1.v";
