#! /usr/bin/vvp
:ivl_version "11.0 (stable)";
:ivl_delay_selection "TYPICAL";
:vpi_time_precision + 0;
:vpi_module "/usr/lib/x86_64-linux-gnu/ivl/system.vpi";
:vpi_module "/usr/lib/x86_64-linux-gnu/ivl/vhdl_sys.vpi";
:vpi_module "/usr/lib/x86_64-linux-gnu/ivl/vhdl_textio.vpi";
:vpi_module "/usr/lib/x86_64-linux-gnu/ivl/v2005_math.vpi";
:vpi_module "/usr/lib/x86_64-linux-gnu/ivl/va_math.vpi";
:vpi_module "/usr/lib/x86_64-linux-gnu/ivl/v2009.vpi";
S_0x560c01e62dc0 .scope package, "$unit" "$unit" 2 1;
 .timescale 0 0;
S_0x560c01e62f50 .scope module, "Comparator" "Comparator" 3 1;
 .timescale 0 0;
    .port_info 0 /INPUT 18 "i_a";
    .port_info 1 /INPUT 18 "i_b";
    .port_info 2 /OUTPUT 1 "o_y";
P_0x560c01e630e0 .param/l "TAG_WIDTH" 0 3 3, +C4<00000000000000000000000000010010>;
o0x7fd4bc1fc018 .functor BUFZ 18, C4<zzzzzzzzzzzzzzzzzz>; HiZ drive
v0x560c01e64ba0_0 .net "i_a", 17 0, o0x7fd4bc1fc018;  0 drivers
o0x7fd4bc1fc048 .functor BUFZ 18, C4<zzzzzzzzzzzzzzzzzz>; HiZ drive
v0x560c01eaa400_0 .net "i_b", 17 0, o0x7fd4bc1fc048;  0 drivers
v0x560c01eaa4e0_0 .net "o_y", 0 0, L_0x560c01eaa630;  1 drivers
L_0x560c01eaa630 .cmp/eq 18, o0x7fd4bc1fc018, o0x7fd4bc1fc048;
# The file index is used to find the file name in the following table.
:file_names 4;
    "N/A";
    "<interactive>";
    "-";
    "comparator.v";
