#! /usr/bin/vvp
:ivl_version "11.0 (stable)";
:ivl_delay_selection "TYPICAL";
:vpi_time_precision + 0;
:vpi_module "/usr/lib/x86_64-linux-gnu/ivl/system.vpi";
:vpi_module "/usr/lib/x86_64-linux-gnu/ivl/vhdl_sys.vpi";
:vpi_module "/usr/lib/x86_64-linux-gnu/ivl/vhdl_textio.vpi";
:vpi_module "/usr/lib/x86_64-linux-gnu/ivl/v2005_math.vpi";
:vpi_module "/usr/lib/x86_64-linux-gnu/ivl/va_math.vpi";
:vpi_module "/usr/lib/x86_64-linux-gnu/ivl/v2009.vpi";
S_0x55d7079ded90 .scope package, "$unit" "$unit" 2 1;
 .timescale 0 0;
S_0x55d7079def20 .scope module, "set_detect" "set_detect" 3 1;
 .timescale 0 0;
    .port_info 0 /INPUT 4 "hit";
    .port_info 1 /OUTPUT 1 "set";
P_0x55d7079df8c0 .param/l "WAYS" 0 3 2, +C4<00000000000000000000000000000100>;
o0x7feca8e1e048 .functor BUFZ 4, C4<zzzz>; HiZ drive
v0x55d707a28810_0 .net "hit", 3 0, o0x7feca8e1e048;  0 drivers
v0x55d707a28910_0 .var "set", 0 0;
E_0x55d7079df880 .event edge, v0x55d707a28810_0;
S_0x55d707a059b0 .scope begin, "$ivl_for_loop0" "$ivl_for_loop0" 3 10, 3 10 0, S_0x55d7079def20;
 .timescale 0 0;
v0x55d7079e0ba0_0 .var/i "i", 31 0;
    .scope S_0x55d7079def20;
T_0 ;
    %wait E_0x55d7079df880;
    %pushi/vec4 0, 0, 1;
    %store/vec4 v0x55d707a28910_0, 0, 1;
    %fork t_1, S_0x55d707a059b0;
    %jmp t_0;
    .scope S_0x55d707a059b0;
t_1 ;
    %pushi/vec4 0, 0, 32;
    %store/vec4 v0x55d7079e0ba0_0, 0, 32;
T_0.0 ;
    %load/vec4 v0x55d7079e0ba0_0;
    %cmpi/s 4, 0, 32;
    %jmp/0xz T_0.1, 5;
    %load/vec4 v0x55d707a28810_0;
    %load/vec4 v0x55d7079e0ba0_0;
    %part/s 1;
    %cmpi/e 1, 0, 1;
    %jmp/0xz  T_0.2, 4;
    %load/vec4 v0x55d7079e0ba0_0;
    %pad/s 1;
    %store/vec4 v0x55d707a28910_0, 0, 1;
T_0.2 ;
    %load/vec4 v0x55d7079e0ba0_0;
    %addi 1, 0, 32;
    %store/vec4 v0x55d7079e0ba0_0, 0, 32;
    %jmp T_0.0;
T_0.1 ;
    %end;
    .scope S_0x55d7079def20;
t_0 %join;
    %jmp T_0;
    .thread T_0, $push;
# The file index is used to find the file name in the following table.
:file_names 4;
    "N/A";
    "<interactive>";
    "-";
    "set_detect.v";
